This file contains any messages produced by compilers while
running configure, to aid debugging if configure makes a mistake.

It was created by libpng configure 1.2.40, which was
generated by GNU Autoconf 2.64.  Invocation command line was

  $ ./configure --prefix=/home/nakashita/Development/grmsm/MSM-Tactical/sys/lib --disable-shared

## --------- ##
## Platform. ##
## --------- ##

hostname = methane
uname -m = amd64
uname -r = 13.0-RELEASE-p6
uname -s = FreeBSD
uname -v = FreeBSD 13.0-RELEASE-p6 #0: Mon Jan 10 06:28:50 UTC 2022     root@amd64-builder.daemonology.net:/usr/obj/usr/src/amd64.amd64/sys/GENERIC 

/usr/bin/uname -p = amd64
/bin/uname -X     = unknown

/bin/arch              = unknown
/usr/bin/arch -k       = unknown
/usr/convex/getsysinfo = unknown
/usr/bin/hostinfo      = unknown
/bin/machine           = unknown
/usr/bin/oslevel       = unknown
/bin/universe          = unknown

PATH: /home/nakashita/.local/ncarg/bin
PATH: /usr/local/mpi/openmpi/bin
PATH: /home/nakashita/.local/bin
PATH: /sbin
PATH: /bin
PATH: /usr/sbin
PATH: /usr/bin
PATH: /usr/local/sbin
PATH: /usr/local/bin
PATH: /home/nakashita/bin


## ----------- ##
## Core tests. ##
## ----------- ##

configure:2423: checking for a BSD-compatible install
configure:2491: result: /usr/bin/install -c
configure:2502: checking whether build environment is sane
configure:2552: result: yes
configure:2693: checking for a thread-safe mkdir -p
configure:2732: result: ./install-sh -c -d
configure:2745: checking for gawk
configure:2775: result: no
configure:2745: checking for mawk
configure:2775: result: no
configure:2745: checking for nawk
configure:2761: found /usr/bin/nawk
configure:2772: result: nawk
configure:2783: checking whether make sets $(MAKE)
configure:2805: result: yes
configure:2886: checking whether to enable maintainer-specific portions of Makefiles
configure:2895: result: no
configure:2968: checking for gcc
configure:2995: result: gcc
configure:3224: checking for C compiler version
configure:3233: gcc --version >&5
gcc (FreeBSD Ports Collection) 10.3.0
Copyright (C) 2020 Free Software Foundation, Inc.
This is free software; see the source for copying conditions.  There is NO
warranty; not even for MERCHANTABILITY or FITNESS FOR A PARTICULAR PURPOSE.

configure:3244: $? = 0
configure:3233: gcc -v >&5
Using built-in specs.
COLLECT_GCC=gcc
COLLECT_LTO_WRAPPER=/usr/local/libexec/gcc10/gcc/x86_64-portbld-freebsd13.0/10.3.0/lto-wrapper
Target: x86_64-portbld-freebsd13.0
Configured with: /wrkdirs/usr/ports/lang/gcc10/work/gcc-10.3.0/configure --enable-multilib --with-build-config=bootstrap-debug --disable-nls --enable-gnu-indirect-function --enable-plugin --libdir=/usr/local/lib/gcc10 --libexecdir=/usr/local/libexec/gcc10 --program-suffix=10 --with-as=/usr/local/bin/as --with-gmp=/usr/local --with-gxx-include-dir=/usr/local/lib/gcc10/include/c++/ --with-ld=/usr/local/bin/ld --with-pkgversion='FreeBSD Ports Collection' --with-system-zlib --without-zstd --enable-languages=c,c++,objc,fortran --prefix=/usr/local --localstatedir=/var --mandir=/usr/local/man --infodir=/usr/local/share/info/gcc10 --build=x86_64-portbld-freebsd13.0
Thread model: posix
Supported LTO compression algorithms: zlib
gcc version 10.3.0 (FreeBSD Ports Collection) 
configure:3244: $? = 0
configure:3233: gcc -V >&5
gcc: error: unrecognized command-line option '-V'
gcc: fatal error: no input files
compilation terminated.
configure:3244: $? = 1
configure:3233: gcc -qversion >&5
gcc: error: unrecognized command-line option '-qversion'; did you mean '--version'?
gcc: fatal error: no input files
compilation terminated.
configure:3244: $? = 1
configure:3266: checking for C compiler default output file name
configure:3288: gcc  -I/home/nakashita/Development/grmsm/MSM-Tactical/sys/lib/include -L/home/nakashita/Development/grmsm/MSM-Tactical/sys/lib -lz conftest.c  >&5
configure:3292: $? = 0
configure:3329: result: a.out
configure:3345: checking whether the C compiler works
configure:3354: ./a.out
configure:3358: $? = 0
configure:3373: result: yes
configure:3380: checking whether we are cross compiling
configure:3382: result: no
configure:3385: checking for suffix of executables
configure:3392: gcc -o conftest  -I/home/nakashita/Development/grmsm/MSM-Tactical/sys/lib/include -L/home/nakashita/Development/grmsm/MSM-Tactical/sys/lib -lz conftest.c  >&5
configure:3396: $? = 0
configure:3418: result: 
configure:3424: checking for suffix of object files
configure:3446: gcc -c  -I/home/nakashita/Development/grmsm/MSM-Tactical/sys/lib/include conftest.c >&5
configure:3450: $? = 0
configure:3471: result: o
configure:3475: checking whether we are using the GNU C compiler
configure:3494: gcc -c  -I/home/nakashita/Development/grmsm/MSM-Tactical/sys/lib/include conftest.c >&5
configure:3494: $? = 0
configure:3503: result: yes
configure:3512: checking whether gcc accepts -g
configure:3532: gcc -c -g -I/home/nakashita/Development/grmsm/MSM-Tactical/sys/lib/include conftest.c >&5
configure:3532: $? = 0
configure:3573: result: yes
configure:3590: checking for gcc option to accept ISO C89
configure:3654: gcc  -c -g -O2 -I/home/nakashita/Development/grmsm/MSM-Tactical/sys/lib/include conftest.c >&5
configure:3654: $? = 0
configure:3667: result: none needed
configure:3698: checking for style of include used by make
configure:3726: result: GNU
configure:3751: checking dependency style of gcc
configure:3861: result: gcc3
configure:3880: checking build system type
configure:3894: result: x86_64-unknown-freebsd13.0
configure:3914: checking host system type
configure:3927: result: x86_64-unknown-freebsd13.0
configure:3947: checking for a sed that does not truncate output
configure:4011: result: /usr/bin/sed
configure:4029: checking for grep that handles long lines and -e
configure:4087: result: /usr/bin/grep
configure:4092: checking for egrep
configure:4154: result: /usr/bin/grep -E
configure:4159: checking for fgrep
configure:4221: result: /usr/bin/grep -F
configure:4256: checking for ld used by gcc
configure:4323: result: /usr/local/bin/ld
configure:4330: checking if the linker (/usr/local/bin/ld) is GNU ld
configure:4345: result: yes
configure:4362: checking how to run the C preprocessor
configure:4432: result: cpp -P -C
configure:4452: cpp -P -C -I/home/nakashita/Development/grmsm/MSM-Tactical/sys/lib/include conftest.c
configure:4452: $? = 0
configure:4466: cpp -P -C -I/home/nakashita/Development/grmsm/MSM-Tactical/sys/lib/include conftest.c
conftest.c:11:10: fatal error: 'ac_nonexistent.h' file not found
#include <ac_nonexistent.h>
         ^~~~~~~~~~~~~~~~~~
1 error generated.
configure:4466: $? = 1
configure: failed program was:
| /* confdefs.h */
| #define PACKAGE_NAME "libpng"
| #define PACKAGE_TARNAME "libpng"
| #define PACKAGE_VERSION "1.2.40"
| #define PACKAGE_STRING "libpng 1.2.40"
| #define PACKAGE_BUGREPORT "png-mng-implement@lists.sourceforge.net"
| #define PACKAGE_URL ""
| #define PACKAGE "libpng"
| #define VERSION "1.2.40"
| /* end confdefs.h.  */
| #include <ac_nonexistent.h>
configure:4537: checking for sed
configure:4564: result: /usr/bin/sed
configure:4890: checking whether ln -s works
configure:4894: result: yes
configure:4901: checking whether make sets $(MAKE)
configure:4923: result: yes
configure:4957: checking for BSD- or MS-compatible name lister (nm)
configure:5006: result: /usr/local/bin/nm -B
configure:5124: checking the name lister (/usr/local/bin/nm -B) interface
configure:5131: gcc -c -g -O2 -I/home/nakashita/Development/grmsm/MSM-Tactical/sys/lib/include conftest.c >&5
configure:5134: /usr/local/bin/nm -B "conftest.o"
configure:5137: output
0000000000000000 B some_variable
configure:5144: result: BSD nm
configure:5148: checking the maximum length of command line arguments
configure:5268: result: 393216
configure:5285: checking whether the shell understands some XSI constructs
configure:5295: result: yes
configure:5299: checking whether the shell understands "+="
configure:5305: result: no
configure:5340: checking for /usr/local/bin/ld option to reload object files
configure:5347: result: -r
configure:5416: checking for objdump
configure:5443: result: objdump
configure:5472: checking how to recognize dependent libraries
configure:5668: result: pass_all
configure:5728: checking for ar
configure:5744: found /usr/bin/ar
configure:5755: result: ar
configure:5833: checking for strip
configure:5849: found /usr/bin/strip
configure:5860: result: strip
configure:5932: checking for ranlib
configure:5948: found /usr/bin/ranlib
configure:5959: result: ranlib
configure:6049: checking command to parse /usr/local/bin/nm -B output from gcc object
configure:6167: gcc -c -g -O2 -I/home/nakashita/Development/grmsm/MSM-Tactical/sys/lib/include conftest.c >&5
configure:6170: $? = 0
configure:6174: /usr/local/bin/nm -B conftest.o \| sed -n -e 's/^.*[	 ]\([ABCDGIRSTW][ABCDGIRSTW]*\)[	 ][	 ]*\([_A-Za-z][_A-Za-z0-9]*\)$/\1 \2 \2/p' \> conftest.nm
configure:6177: $? = 0
configure:6231: gcc -o conftest -g -O2 -I/home/nakashita/Development/grmsm/MSM-Tactical/sys/lib/include -L/home/nakashita/Development/grmsm/MSM-Tactical/sys/lib -lz conftest.c conftstm.o >&5
configure:6234: $? = 0
configure:6272: result: ok
configure:7077: checking for ANSI C header files
configure:7097: gcc -c -g -O2 -I/home/nakashita/Development/grmsm/MSM-Tactical/sys/lib/include conftest.c >&5
configure:7097: $? = 0
configure:7170: gcc -o conftest -g -O2 -I/home/nakashita/Development/grmsm/MSM-Tactical/sys/lib/include -L/home/nakashita/Development/grmsm/MSM-Tactical/sys/lib -lz conftest.c  >&5
configure:7170: $? = 0
configure:7170: ./conftest
configure:7170: $? = 0
configure:7181: result: yes
configure:7194: checking for sys/types.h
configure:7194: gcc -c -g -O2 -I/home/nakashita/Development/grmsm/MSM-Tactical/sys/lib/include conftest.c >&5
configure:7194: $? = 0
configure:7194: result: yes
configure:7194: checking for sys/stat.h
configure:7194: gcc -c -g -O2 -I/home/nakashita/Development/grmsm/MSM-Tactical/sys/lib/include conftest.c >&5
configure:7194: $? = 0
configure:7194: result: yes
configure:7194: checking for stdlib.h
configure:7194: gcc -c -g -O2 -I/home/nakashita/Development/grmsm/MSM-Tactical/sys/lib/include conftest.c >&5
configure:7194: $? = 0
configure:7194: result: yes
configure:7194: checking for string.h
configure:7194: gcc -c -g -O2 -I/home/nakashita/Development/grmsm/MSM-Tactical/sys/lib/include conftest.c >&5
configure:7194: $? = 0
configure:7194: result: yes
configure:7194: checking for memory.h
configure:7194: gcc -c -g -O2 -I/home/nakashita/Development/grmsm/MSM-Tactical/sys/lib/include conftest.c >&5
configure:7194: $? = 0
configure:7194: result: yes
configure:7194: checking for strings.h
configure:7194: gcc -c -g -O2 -I/home/nakashita/Development/grmsm/MSM-Tactical/sys/lib/include conftest.c >&5
configure:7194: $? = 0
configure:7194: result: yes
configure:7194: checking for inttypes.h
configure:7194: gcc -c -g -O2 -I/home/nakashita/Development/grmsm/MSM-Tactical/sys/lib/include conftest.c >&5
configure:7194: $? = 0
configure:7194: result: yes
configure:7194: checking for stdint.h
configure:7194: gcc -c -g -O2 -I/home/nakashita/Development/grmsm/MSM-Tactical/sys/lib/include conftest.c >&5
configure:7194: $? = 0
configure:7194: result: yes
configure:7194: checking for unistd.h
configure:7194: gcc -c -g -O2 -I/home/nakashita/Development/grmsm/MSM-Tactical/sys/lib/include conftest.c >&5
configure:7194: $? = 0
configure:7194: result: yes
configure:7209: checking for dlfcn.h
configure:7209: gcc -c -g -O2 -I/home/nakashita/Development/grmsm/MSM-Tactical/sys/lib/include conftest.c >&5
configure:7209: $? = 0
configure:7209: result: yes
configure:7391: checking for objdir
configure:7406: result: .libs
configure:7698: checking if gcc supports -fno-rtti -fno-exceptions
configure:7716: gcc -c -g -O2 -I/home/nakashita/Development/grmsm/MSM-Tactical/sys/lib/include -fno-rtti -fno-exceptions conftest.c >&5
cc1: warning: command-line option '-fno-rtti' is valid for C++/D/ObjC++ but not for C
configure:7720: $? = 0
configure:7733: result: no
configure:7753: checking for gcc option to produce PIC
configure:8025: result: -fPIC -DPIC
configure:8037: checking if gcc PIC flag -fPIC -DPIC works
configure:8055: gcc -c -g -O2 -I/home/nakashita/Development/grmsm/MSM-Tactical/sys/lib/include -fPIC -DPIC -DPIC conftest.c >&5
configure:8059: $? = 0
configure:8072: result: yes
configure:8096: checking if gcc static flag -static works
configure:8124: result: yes
configure:8139: checking if gcc supports -c -o file.o
configure:8160: gcc -c -g -O2 -I/home/nakashita/Development/grmsm/MSM-Tactical/sys/lib/include -o out/conftest2.o conftest.c >&5
configure:8164: $? = 0
configure:8186: result: yes
configure:8194: checking if gcc supports -c -o file.o
configure:8241: result: yes
configure:8274: checking whether the gcc linker (/usr/local/bin/ld) supports shared libraries
configure:9260: result: yes
configure:9499: checking dynamic linker characteristics
configure:10150: result: no
configure:10252: checking how to hardcode library paths into programs
configure:10277: result: immediate
configure:10797: checking whether stripping libraries is possible
configure:10819: result: no
configure:10837: checking if libtool supports shared libraries
configure:10839: result: no
configure:10842: checking whether to build shared libraries
configure:10863: result: no
configure:10866: checking whether to build static libraries
configure:10870: result: yes
configure:10907: checking for ANSI C header files
configure:11011: result: yes
configure:11022: checking malloc.h usability
configure:11022: gcc -c -g -O2 -I/home/nakashita/Development/grmsm/MSM-Tactical/sys/lib/include conftest.c >&5
configure:11022: $? = 0
configure:11022: result: yes
configure:11022: checking malloc.h presence
configure:11022: cpp -P -C -I/home/nakashita/Development/grmsm/MSM-Tactical/sys/lib/include conftest.c
configure:11022: $? = 0
configure:11022: result: yes
configure:11022: checking for malloc.h
configure:11022: result: yes
configure:11022: checking for stdlib.h
configure:11022: result: yes
configure:11022: checking for string.h
configure:11022: result: yes
configure:11022: checking for strings.h
configure:11022: result: yes
configure:11035: checking for an ANSI C-conforming const
configure:11100: gcc -c -g -O2 -I/home/nakashita/Development/grmsm/MSM-Tactical/sys/lib/include conftest.c >&5
configure:11100: $? = 0
configure:11107: result: yes
configure:11115: checking for size_t
configure:11115: gcc -c -g -O2 -I/home/nakashita/Development/grmsm/MSM-Tactical/sys/lib/include conftest.c >&5
configure:11115: $? = 0
configure:11115: gcc -c -g -O2 -I/home/nakashita/Development/grmsm/MSM-Tactical/sys/lib/include conftest.c >&5
conftest.c: In function 'main':
conftest.c:64:21: error: expected expression before ')' token
   64 | if (sizeof ((size_t)))
      |                     ^
configure:11115: $? = 1
configure: failed program was:
| /* confdefs.h */
| #define PACKAGE_NAME "libpng"
| #define PACKAGE_TARNAME "libpng"
| #define PACKAGE_VERSION "1.2.40"
| #define PACKAGE_STRING "libpng 1.2.40"
| #define PACKAGE_BUGREPORT "png-mng-implement@lists.sourceforge.net"
| #define PACKAGE_URL ""
| #define PACKAGE "libpng"
| #define VERSION "1.2.40"
| #define STDC_HEADERS 1
| #define HAVE_SYS_TYPES_H 1
| #define HAVE_SYS_STAT_H 1
| #define HAVE_STDLIB_H 1
| #define HAVE_STRING_H 1
| #define HAVE_MEMORY_H 1
| #define HAVE_STRINGS_H 1
| #define HAVE_INTTYPES_H 1
| #define HAVE_STDINT_H 1
| #define HAVE_UNISTD_H 1
| #define HAVE_DLFCN_H 1
| #define LT_OBJDIR ".libs/"
| #define STDC_HEADERS 1
| #define HAVE_MALLOC_H 1
| #define HAVE_STDLIB_H 1
| #define HAVE_STRING_H 1
| #define HAVE_STRINGS_H 1
| /* end confdefs.h.  */
| #include <stdio.h>
| #ifdef HAVE_SYS_TYPES_H
| # include <sys/types.h>
| #endif
| #ifdef HAVE_SYS_STAT_H
| # include <sys/stat.h>
| #endif
| #ifdef STDC_HEADERS
| # include <stdlib.h>
| # include <stddef.h>
| #else
| # ifdef HAVE_STDLIB_H
| #  include <stdlib.h>
| # endif
| #endif
| #ifdef HAVE_STRING_H
| # if !defined STDC_HEADERS && defined HAVE_MEMORY_H
| #  include <memory.h>
| # endif
| # include <string.h>
| #endif
| #ifdef HAVE_STRINGS_H
| # include <strings.h>
| #endif
| #ifdef HAVE_INTTYPES_H
| # include <inttypes.h>
| #endif
| #ifdef HAVE_STDINT_H
| # include <stdint.h>
| #endif
| #ifdef HAVE_UNISTD_H
| # include <unistd.h>
| #endif
| int
| main ()
| {
| if (sizeof ((size_t)))
| 	    return 0;
|   ;
|   return 0;
| }
configure:11115: result: yes
configure:11126: checking whether struct tm is in sys/time.h or time.h
configure:11146: gcc -c -g -O2 -I/home/nakashita/Development/grmsm/MSM-Tactical/sys/lib/include conftest.c >&5
configure:11146: $? = 0
configure:11153: result: time.h
configure:11163: checking for working strtod
configure:11204: gcc -o conftest -g -O2 -I/home/nakashita/Development/grmsm/MSM-Tactical/sys/lib/include -L/home/nakashita/Development/grmsm/MSM-Tactical/sys/lib -lz conftest.c  >&5
configure:11204: $? = 0
configure:11204: ./conftest
configure:11204: $? = 0
configure:11214: result: yes
configure:11278: checking for memset
configure:11278: gcc -o conftest -g -O2 -I/home/nakashita/Development/grmsm/MSM-Tactical/sys/lib/include -L/home/nakashita/Development/grmsm/MSM-Tactical/sys/lib -lz conftest.c  >&5
conftest.c:51:6: warning: conflicting types for built-in function 'memset'; expected 'void *(void *, int,  long unsigned int)' [-Wbuiltin-declaration-mismatch]
   51 | char memset ();
      |      ^~~~~~
conftest.c:39:1: note: 'memset' is declared in header '<string.h>'
   38 | # include <limits.h>
   39 | #else
configure:11278: $? = 0
configure:11278: result: yes
configure:11291: checking for pow
configure:11291: gcc -o conftest -g -O2 -I/home/nakashita/Development/grmsm/MSM-Tactical/sys/lib/include -L/home/nakashita/Development/grmsm/MSM-Tactical/sys/lib -lz conftest.c  >&5
conftest.c:52:6: warning: conflicting types for built-in function 'pow'; expected 'double(double,  double)' [-Wbuiltin-declaration-mismatch]
   52 | char pow ();
      |      ^~~
conftest.c:40:1: note: 'pow' is declared in header '<math.h>'
   39 | # include <limits.h>
   40 | #else
/usr/local/bin/ld: /tmp//cctQWk8j.o: in function `main':
/home/nakashita/Development/grmsm/MSM-Tactical/sys/lib/src/libpng-1.2.40/conftest.c:63: undefined reference to `pow'
collect2: error: ld returned 1 exit status
configure:11291: $? = 1
configure: failed program was:
| /* confdefs.h */
| #define PACKAGE_NAME "libpng"
| #define PACKAGE_TARNAME "libpng"
| #define PACKAGE_VERSION "1.2.40"
| #define PACKAGE_STRING "libpng 1.2.40"
| #define PACKAGE_BUGREPORT "png-mng-implement@lists.sourceforge.net"
| #define PACKAGE_URL ""
| #define PACKAGE "libpng"
| #define VERSION "1.2.40"
| #define STDC_HEADERS 1
| #define HAVE_SYS_TYPES_H 1
| #define HAVE_SYS_STAT_H 1
| #define HAVE_STDLIB_H 1
| #define HAVE_STRING_H 1
| #define HAVE_MEMORY_H 1
| #define HAVE_STRINGS_H 1
| #define HAVE_INTTYPES_H 1
| #define HAVE_STDINT_H 1
| #define HAVE_UNISTD_H 1
| #define HAVE_DLFCN_H 1
| #define LT_OBJDIR ".libs/"
| #define STDC_HEADERS 1
| #define HAVE_MALLOC_H 1
| #define HAVE_STDLIB_H 1
| #define HAVE_STRING_H 1
| #define HAVE_STRINGS_H 1
| #define HAVE_MEMSET 1
| /* end confdefs.h.  */
| /* Define pow to an innocuous variant, in case <limits.h> declares pow.
|    For example, HP-UX 11i <limits.h> declares gettimeofday.  */
| #define pow innocuous_pow
| 
| /* System header to define __stub macros and hopefully few prototypes,
|     which can conflict with char pow (); below.
|     Prefer <limits.h> to <assert.h> if __STDC__ is defined, since
|     <limits.h> exists even on freestanding compilers.  */
| 
| #ifdef __STDC__
| # include <limits.h>
| #else
| # include <assert.h>
| #endif
| 
| #undef pow
| 
| /* Override any GCC internal prototype to avoid an error.
|    Use char because int might match the return type of a GCC
|    builtin and then its argument prototype would still apply.  */
| #ifdef __cplusplus
| extern "C"
| #endif
| char pow ();
| /* The GNU C library defines this for functions which it implements
|     to always fail with ENOSYS.  Some functions are actually named
|     something starting with __ and the normal name is an alias.  */
| #if defined __stub_pow || defined __stub___pow
| choke me
| #endif
| 
| int
| main ()
| {
| return pow ();
|   ;
|   return 0;
| }
configure:11291: result: no
configure:11298: checking for pow in -lm
configure:11323: gcc -o conftest -g -O2 -I/home/nakashita/Development/grmsm/MSM-Tactical/sys/lib/include -L/home/nakashita/Development/grmsm/MSM-Tactical/sys/lib -lz conftest.c -lm   >&5
conftest.c:36:6: warning: conflicting types for built-in function 'pow'; expected 'double(double,  double)' [-Wbuiltin-declaration-mismatch]
   36 | char pow ();
      |      ^~~
conftest.c:1:1: note: 'pow' is declared in header '<math.h>'
    1 | /* confdefs.h */
configure:11323: $? = 0
configure:11332: result: yes
configure:11348: checking for zlibVersion in -lz
configure:11373: gcc -o conftest -g -O2 -I/home/nakashita/Development/grmsm/MSM-Tactical/sys/lib/include -L/home/nakashita/Development/grmsm/MSM-Tactical/sys/lib -lz conftest.c -lz  -lm  >&5
configure:11373: $? = 0
configure:11382: result: yes
configure:11397: checking if assembler code in pnggccrd.c can be compiled without PNG_NO_MMX_CODE
configure:11410: gcc -c -g -O2 -I/home/nakashita/Development/grmsm/MSM-Tactical/sys/lib/include conftest.c >&5
configure:11410: $? = 0
configure:11411: result: yes
configure:11424: checking if libraries can be versioned
configure:11429: result: yes
configure:11448: checking for symbol prefix
configure:11455: result: 
configure:11477: pkgconfig directory is ${libdir}/pkgconfig
configure:11647: creating ./config.status

## ---------------------- ##
## Running config.status. ##
## ---------------------- ##

This file was extended by libpng config.status 1.2.40, which was
generated by GNU Autoconf 2.64.  Invocation command line was

  CONFIG_FILES    = 
  CONFIG_HEADERS  = 
  CONFIG_LINKS    = 
  CONFIG_COMMANDS = 
  $ ./config.status 

on methane

config.status:1085: creating Makefile
config.status:1085: creating libpng.pc
config.status:1085: creating libpng-config
config.status:1085: creating config.h
config.status:1257: config.h is unchanged
config.status:1305: executing depfiles commands
config.status:1305: executing libtool commands

## ---------------- ##
## Cache variables. ##
## ---------------- ##

ac_cv_build=x86_64-unknown-freebsd13.0
ac_cv_c_compiler_gnu=yes
ac_cv_c_const=yes
ac_cv_env_CC_set=set
ac_cv_env_CC_value=gcc
ac_cv_env_CFLAGS_set=''
ac_cv_env_CFLAGS_value=''
ac_cv_env_CPPFLAGS_set=set
ac_cv_env_CPPFLAGS_value=-I/home/nakashita/Development/grmsm/MSM-Tactical/sys/lib/include
ac_cv_env_CPP_set=set
ac_cv_env_CPP_value='cpp -P -C'
ac_cv_env_LDFLAGS_set=set
ac_cv_env_LDFLAGS_value='-L/home/nakashita/Development/grmsm/MSM-Tactical/sys/lib -lz'
ac_cv_env_LIBS_set=''
ac_cv_env_LIBS_value=''
ac_cv_env_build_alias_set=''
ac_cv_env_build_alias_value=''
ac_cv_env_host_alias_set=''
ac_cv_env_host_alias_value=''
ac_cv_env_target_alias_set=''
ac_cv_env_target_alias_value=''
ac_cv_func_memset=yes
ac_cv_func_pow=no
ac_cv_func_strtod=yes
ac_cv_header_dlfcn_h=yes
ac_cv_header_inttypes_h=yes
ac_cv_header_malloc_h=yes
ac_cv_header_memory_h=yes
ac_cv_header_stdc=yes
ac_cv_header_stdint_h=yes
ac_cv_header_stdlib_h=yes
ac_cv_header_string_h=yes
ac_cv_header_strings_h=yes
ac_cv_header_sys_stat_h=yes
ac_cv_header_sys_types_h=yes
ac_cv_header_unistd_h=yes
ac_cv_host=x86_64-unknown-freebsd13.0
ac_cv_lib_m_pow=yes
ac_cv_lib_z_zlibVersion=yes
ac_cv_objext=o
ac_cv_path_EGREP='/usr/bin/grep -E'
ac_cv_path_FGREP='/usr/bin/grep -F'
ac_cv_path_GREP=/usr/bin/grep
ac_cv_path_SED=/usr/bin/sed
ac_cv_path_install='/usr/bin/install -c'
ac_cv_prog_AWK=nawk
ac_cv_prog_CPP='cpp -P -C'
ac_cv_prog_ac_ct_AR=ar
ac_cv_prog_ac_ct_CC=gcc
ac_cv_prog_ac_ct_OBJDUMP=objdump
ac_cv_prog_ac_ct_RANLIB=ranlib
ac_cv_prog_ac_ct_SED=/usr/bin/sed
ac_cv_prog_ac_ct_STRIP=strip
ac_cv_prog_cc_c89=''
ac_cv_prog_cc_g=yes
ac_cv_prog_make_make_set=yes
ac_cv_struct_tm=time.h
ac_cv_type_size_t=yes
am_cv_CC_dependencies_compiler_type=gcc3
lt_cv_deplibs_check_method=pass_all
lt_cv_file_magic_cmd='$MAGIC_CMD'
lt_cv_file_magic_test_file=''
lt_cv_ld_reload_flag=-r
lt_cv_nm_interface='BSD nm'
lt_cv_objdir=.libs
lt_cv_path_LD=/usr/local/bin/ld
lt_cv_path_NM='/usr/local/bin/nm -B'
lt_cv_prog_compiler_c_o=yes
lt_cv_prog_compiler_pic_works=yes
lt_cv_prog_compiler_rtti_exceptions=no
lt_cv_prog_compiler_static_works=yes
lt_cv_prog_gnu_ld=yes
lt_cv_sys_global_symbol_pipe=$'sed -n -e \'s/^.*[\t ]\\([ABCDGIRSTW][ABCDGIRSTW]*\\)[\t ][\t ]*\\([_A-Za-z][_A-Za-z0-9]*\\)$/\\1 \\2 \\2/p\''
lt_cv_sys_global_symbol_to_c_name_address=$'sed -n -e \'s/^: \\([^ ]*\\) $/  {\\"\\1\\", (void *) 0},/p\' -e \'s/^[ABCDGIRSTW]* \\([^ ]*\\) \\([^ ]*\\)$/  {"\\2", (void *) \\&\\2},/p\''
lt_cv_sys_global_symbol_to_c_name_address_lib_prefix=$'sed -n -e \'s/^: \\([^ ]*\\) $/  {\\"\\1\\", (void *) 0},/p\' -e \'s/^[ABCDGIRSTW]* \\([^ ]*\\) \\(lib[^ ]*\\)$/  {"\\2", (void *) \\&\\2},/p\' -e \'s/^[ABCDGIRSTW]* \\([^ ]*\\) \\([^ ]*\\)$/  {"lib\\2", (void *) \\&\\2},/p\''
lt_cv_sys_global_symbol_to_cdecl=$'sed -n -e \'s/^T .* \\(.*\\)$/extern int \\1();/p\' -e \'s/^[ABCDGIRSTW]* .* \\(.*\\)$/extern char \\1;/p\''
lt_cv_sys_max_cmd_len=393216

## ----------------- ##
## Output variables. ##
## ----------------- ##

ACLOCAL='${SHELL} /home/nakashita/Development/grmsm/MSM-Tactical/sys/lib/src/libpng-1.2.40/missing --run aclocal-1.11'
AMDEPBACKSLASH='\'
AMDEP_FALSE='#'
AMDEP_TRUE=''
AMTAR='${SHELL} /home/nakashita/Development/grmsm/MSM-Tactical/sys/lib/src/libpng-1.2.40/missing --run tar'
AR='ar'
AS='as'
AUTOCONF='${SHELL} /home/nakashita/Development/grmsm/MSM-Tactical/sys/lib/src/libpng-1.2.40/missing --run autoconf'
AUTOHEADER='${SHELL} /home/nakashita/Development/grmsm/MSM-Tactical/sys/lib/src/libpng-1.2.40/missing --run autoheader'
AUTOMAKE='${SHELL} /home/nakashita/Development/grmsm/MSM-Tactical/sys/lib/src/libpng-1.2.40/missing --run automake-1.11'
AWK='nawk'
CC='gcc'
CCDEPMODE='depmode=gcc3'
CFLAGS='-g -O2'
CPP='cpp -P -C'
CPPFLAGS='-I/home/nakashita/Development/grmsm/MSM-Tactical/sys/lib/include'
CYGPATH_W='echo'
DEFS='-DHAVE_CONFIG_H'
DEPDIR='.deps'
DLLTOOL='dlltool'
DSYMUTIL=''
DUMPBIN=''
ECHO_C=''
ECHO_N='-n'
ECHO_T=''
EGREP='/usr/bin/grep -E'
EXEEXT=''
FGREP='/usr/bin/grep -F'
GREP='/usr/bin/grep'
HAVE_LD_VERSION_SCRIPT_FALSE='#'
HAVE_LD_VERSION_SCRIPT_TRUE=''
INSTALL_DATA='${INSTALL} -m 644'
INSTALL_PROGRAM='${INSTALL}'
INSTALL_SCRIPT='${INSTALL}'
INSTALL_STRIP_PROGRAM='$(install_sh) -c -s'
LD='/usr/local/bin/ld'
LDFLAGS='-L/home/nakashita/Development/grmsm/MSM-Tactical/sys/lib -lz'
LIBOBJS=''
LIBPNG_DEFINES='-DPNG_CONFIGURE_LIBPNG '
LIBPNG_NO_MMX=''
LIBS='-lz -lm '
LIBTOOL='$(SHELL) $(top_builddir)/libtool'
LIPO=''
LN_S='ln -s'
LTLIBOBJS=''
MAINT='#'
MAINTAINER_MODE_FALSE=''
MAINTAINER_MODE_TRUE='#'
MAKEINFO='${SHELL} /home/nakashita/Development/grmsm/MSM-Tactical/sys/lib/src/libpng-1.2.40/missing --run makeinfo'
MKDIR_P='./install-sh -c -d'
NM='/usr/local/bin/nm -B'
NMEDIT=''
OBJDUMP='objdump'
OBJEXT='o'
OTOOL64=''
OTOOL=''
PACKAGE='libpng'
PACKAGE_BUGREPORT='png-mng-implement@lists.sourceforge.net'
PACKAGE_NAME='libpng'
PACKAGE_STRING='libpng 1.2.40'
PACKAGE_TARNAME='libpng'
PACKAGE_URL=''
PACKAGE_VERSION='1.2.40'
PATH_SEPARATOR=':'
PNGLIB_MAJOR='1'
PNGLIB_MINOR='2'
PNGLIB_RELEASE='40'
PNGLIB_VERSION='1.2.40'
POW_LIB=''
RANLIB='ranlib'
SED='/usr/bin/sed'
SET_MAKE=''
SHELL='/bin/sh'
STRIP='strip'
SYMBOL_PREFIX=''
VERSION='1.2.40'
ac_ct_CC='gcc'
ac_ct_DUMPBIN=''
am__EXEEXT_FALSE=''
am__EXEEXT_TRUE='#'
am__fastdepCC_FALSE='#'
am__fastdepCC_TRUE=''
am__include='include'
am__isrc=''
am__leading_dot='.'
am__quote=''
am__tar='${AMTAR} chof - "$$tardir"'
am__untar='${AMTAR} xf -'
binconfigs='${binconfigs}'
bindir='${exec_prefix}/bin'
build='x86_64-unknown-freebsd13.0'
build_alias=''
build_cpu='x86_64'
build_os='freebsd13.0'
build_vendor='unknown'
compatlib='libpng.la'
datadir='${datarootdir}'
datarootdir='${prefix}/share'
docdir='${datarootdir}/doc/${PACKAGE_TARNAME}'
dvidir='${docdir}'
exec_prefix='${prefix}'
host='x86_64-unknown-freebsd13.0'
host_alias=''
host_cpu='x86_64'
host_os='freebsd13.0'
host_vendor='unknown'
htmldir='${docdir}'
includedir='${prefix}/include'
infodir='${datarootdir}/info'
install_sh='${SHELL} /home/nakashita/Development/grmsm/MSM-Tactical/sys/lib/src/libpng-1.2.40/install-sh'
libdir='${exec_prefix}/lib'
libexecdir='${exec_prefix}/libexec'
localedir='${datarootdir}/locale'
localstatedir='${prefix}/var'
lt_ECHO='echo'
mandir='${datarootdir}/man'
mkdir_p='$(top_builddir)/./install-sh -c -d'
oldincludedir='/usr/include'
pdfdir='${docdir}'
pkgconfigdir='${libdir}/pkgconfig'
prefix='/home/nakashita/Development/grmsm/MSM-Tactical/sys/lib'
program_transform_name='s,x,x,'
psdir='${docdir}'
sbindir='${exec_prefix}/sbin'
sharedstatedir='${prefix}/com'
sysconfdir='${prefix}/etc'
target_alias=''

## ----------- ##
## confdefs.h. ##
## ----------- ##

/* confdefs.h */
#define PACKAGE_NAME "libpng"
#define PACKAGE_TARNAME "libpng"
#define PACKAGE_VERSION "1.2.40"
#define PACKAGE_STRING "libpng 1.2.40"
#define PACKAGE_BUGREPORT "png-mng-implement@lists.sourceforge.net"
#define PACKAGE_URL ""
#define PACKAGE "libpng"
#define VERSION "1.2.40"
#define STDC_HEADERS 1
#define HAVE_SYS_TYPES_H 1
#define HAVE_SYS_STAT_H 1
#define HAVE_STDLIB_H 1
#define HAVE_STRING_H 1
#define HAVE_MEMORY_H 1
#define HAVE_STRINGS_H 1
#define HAVE_INTTYPES_H 1
#define HAVE_STDINT_H 1
#define HAVE_UNISTD_H 1
#define HAVE_DLFCN_H 1
#define LT_OBJDIR ".libs/"
#define STDC_HEADERS 1
#define HAVE_MALLOC_H 1
#define HAVE_STDLIB_H 1
#define HAVE_STRING_H 1
#define HAVE_STRINGS_H 1
#define HAVE_MEMSET 1
#define HAVE_LIBM 1
#define HAVE_LIBZ 1

configure: exit 0
